<?xml version="1.0" encoding="UTF-8"?>
<!-- Generated by org.testng.reporters.JUnitReportReporter -->
<testsuite hostname="DESKTOP-NU77B6K" failures="0" tests="1" name="Test.RegisterTest" time="5.337" errors="0" timestamp="2021-05-11T18:19:40 IST" skipped="0">
  <testcase classname="Test.RegisterTest" name="registerToDemocart" time="5.337"/>
  <system-out/>
</testsuite> <!-- Test.RegisterTest -->
